[debug] [2025-01-04T12:45:41.261Z] ----------------------------------------------------------------------
[debug] [2025-01-04T12:45:41.263Z] Command:       C:\Program Files\nodejs\node.exe C:\Users\tkjas\AppData\Roaming\npm\node_modules\firebase-tools\lib\bin\firebase.js init
[debug] [2025-01-04T12:45:41.264Z] CLI Version:   13.29.1
[debug] [2025-01-04T12:45:41.264Z] Platform:      win32
[debug] [2025-01-04T12:45:41.264Z] Node Version:  v22.11.0
[debug] [2025-01-04T12:45:41.264Z] Time:          Sat Jan 04 2025 13:45:41 GMT+0100 (czas środkowoeuropejski standardowy)
[debug] [2025-01-04T12:45:41.264Z] ----------------------------------------------------------------------
[debug] 
[debug] [2025-01-04T12:45:41.272Z] > command requires scopes: ["email","openid","https://www.googleapis.com/auth/cloudplatformprojects.readonly","https://www.googleapis.com/auth/firebase","https://www.googleapis.com/auth/cloud-platform"]
[debug] [2025-01-04T12:45:41.273Z] > authorizing via signed-in user (tk.jaskowski@gmail.com)
[info] 
     ######## #### ########  ######## ########     ###     ######  ########
     ##        ##  ##     ## ##       ##     ##  ##   ##  ##       ##
     ######    ##  ########  ######   ########  #########  ######  ######
     ##        ##  ##    ##  ##       ##     ## ##     ##       ## ##
     ##       #### ##     ## ######## ########  ##     ##  ######  ########

You're about to initialize a Firebase project in this directory:

  C:\Projects\NextJs\frontend-lab

Before we get started, keep in mind:

  * You are currently outside your home directory

